<?xml version="1.0" encoding="UTF-8"?>
<testng-results skipped="0" failed="0" ignored="0" total="1" passed="1">
  <reporter-output>
  </reporter-output>
  <suite name="Suite1" duration-ms="14920" started-at="2020-04-05T03:06:41Z" finished-at="2020-04-05T03:06:56Z">
    <groups>
    </groups>
    <test name="test1" duration-ms="14920" started-at="2020-04-05T03:06:41Z" finished-at="2020-04-05T03:06:56Z">
      <class name="NewTest">
        <test-method status="PASS" signature="performTest()[pri:0, instance:NewTest@39c0f4a]" name="performTest" is-config="true" duration-ms="23" started-at="2020-04-05T03:06:41Z" finished-at="2020-04-05T03:06:41Z">
          <reporter-output>
          </reporter-output>
        </test-method> <!-- performTest -->
        <test-method status="PASS" signature="beforeClass()[pri:0, instance:NewTest@39c0f4a]" name="beforeClass" is-config="true" duration-ms="265" started-at="2020-04-05T03:06:41Z" finished-at="2020-04-05T03:06:41Z">
          <reporter-output>
          </reporter-output>
        </test-method> <!-- beforeClass -->
        <test-method status="PASS" signature="login()[pri:0, instance:NewTest@39c0f4a]" name="login" duration-ms="13148" started-at="2020-04-05T03:06:41Z" finished-at="2020-04-05T03:06:54Z">
          <reporter-output>
          </reporter-output>
        </test-method> <!-- login -->
        <test-method status="PASS" signature="afterClass()[pri:0, instance:NewTest@39c0f4a]" name="afterClass" is-config="true" duration-ms="1449" started-at="2020-04-05T03:06:54Z" finished-at="2020-04-05T03:06:56Z">
          <reporter-output>
          </reporter-output>
        </test-method> <!-- afterClass -->
      </class> <!-- NewTest -->
    </test> <!-- test1 -->
  </suite> <!-- Suite1 -->
</testng-results>
